#
# There is insufficient memory for the Java Runtime Environment to continue.
# Native memory allocation (malloc) failed to allocate 32744 bytes for ChunkPool::allocate
# Possible reasons:
#   The system is out of physical RAM or swap space
#   The process is running with CompressedOops enabled, and the Java Heap may be blocking the growth of the native heap
# Possible solutions:
#   Reduce memory load on the system
#   Increase physical memory or swap space
#   Check if swap backing store is full
#   Decrease Java heap size (-Xmx/-Xms)
#   Decrease number of Java threads
#   Decrease Java thread stack sizes (-Xss)
#   Set larger code cache with -XX:ReservedCodeCacheSize=
#   JVM is running with Unscaled Compressed Oops mode in which the Java heap is
#     placed in the first 4GB address space. The Java Heap base address is the
#     maximum limit for the native heap growth. Please use -XX:HeapBaseMinAddress
#     to set the Java Heap base and to place the Java Heap above 4GB virtual address.
# This output file may be truncated or incomplete.
#
#  Out of Memory Error (allocation.cpp:272), pid=7692, tid=0x0000000000003db0
#
# JRE version: Java(TM) SE Runtime Environment (8.0_321-b07) (build 1.8.0_321-b07)
# Java VM: Java HotSpot(TM) 64-Bit Server VM (25.321-b07 mixed mode windows-amd64 compressed oops)
# Failed to write core dump. Minidumps are not enabled by default on client versions of Windows
#

---------------  T H R E A D  ---------------

Current thread (0x0000021e365d6000):  JavaThread "C2 CompilerThread0" daemon [_thread_in_native, id=15792, stack(0x000000fd19900000,0x000000fd19a00000)]

Stack: [0x000000fd19900000,0x000000fd19a00000]
Native frames: (J=compiled Java code, j=interpreted, Vv=VM code, C=native code)
V  [jvm.dll+0x32fc49]
V  [jvm.dll+0x2761a2]
V  [jvm.dll+0x276e4d]
V  [jvm.dll+0x26d7f5]
V  [jvm.dll+0xd5ead]
V  [jvm.dll+0xd620c]
V  [jvm.dll+0x4b7599]
V  [jvm.dll+0x4b8360]
V  [jvm.dll+0x4b714e]
V  [jvm.dll+0x441b6e]
V  [jvm.dll+0x441125]
V  [jvm.dll+0x42becb]
V  [jvm.dll+0xac68b]
V  [jvm.dll+0xaaceb]
V  [jvm.dll+0x23e6f2]
V  [jvm.dll+0x292edc]
C  [ucrtbase.dll+0x1c1ae]
C  [KERNEL32.DLL+0x13034]
C  [ntdll.dll+0x71551]


Current CompileTask:
C2:  10639 1270   !   4       sun.awt.AppContext::get (123 bytes)


---------------  P R O C E S S  ---------------

Java Threads: ( => current thread )
  0x0000021e383fa800 JavaThread "Direct Clip" daemon [_thread_blocked, id=16256, stack(0x000000fd1ab00000,0x000000fd1ac00000)]
  0x0000021e37d31800 JavaThread "Direct Clip" daemon [_thread_blocked, id=15772, stack(0x000000fd1a900000,0x000000fd1aa00000)]
  0x0000021e37c9a000 JavaThread "Java Sound Event Dispatcher" daemon [_thread_blocked, id=15588, stack(0x000000fd1a500000,0x000000fd1a600000)]
  0x0000021e22434000 JavaThread "DestroyJavaVM" [_thread_blocked, id=16368, stack(0x000000fd18f00000,0x000000fd19000000)]
  0x0000021e37c8c800 JavaThread "Thread-2" [_thread_in_native, id=2040, stack(0x000000fd1a400000,0x000000fd1a500000)]
  0x0000021e37c76000 JavaThread "AWT-EventQueue-0" [_thread_blocked, id=6644, stack(0x000000fd1a300000,0x000000fd1a400000)]
  0x0000021e37c5a800 JavaThread "AWT-Shutdown" [_thread_blocked, id=16348, stack(0x000000fd1a200000,0x000000fd1a300000)]
  0x0000021e374a2800 JavaThread "AWT-Windows" daemon [_thread_in_native, id=15412, stack(0x000000fd1a000000,0x000000fd1a100000)]
  0x0000021e37499800 JavaThread "Java2D Disposer" daemon [_thread_blocked, id=16156, stack(0x000000fd19e00000,0x000000fd19f00000)]
  0x0000021e36659000 JavaThread "Service Thread" daemon [_thread_blocked, id=8300, stack(0x000000fd19c00000,0x000000fd19d00000)]
  0x0000021e365e3000 JavaThread "C1 CompilerThread2" daemon [_thread_blocked, id=3424, stack(0x000000fd19b00000,0x000000fd19c00000)]
  0x0000021e365db000 JavaThread "C2 CompilerThread1" daemon [_thread_blocked, id=15440, stack(0x000000fd19a00000,0x000000fd19b00000)]
=>0x0000021e365d6000 JavaThread "C2 CompilerThread0" daemon [_thread_in_native, id=15792, stack(0x000000fd19900000,0x000000fd19a00000)]
  0x0000021e365d4000 JavaThread "Attach Listener" daemon [_thread_blocked, id=15240, stack(0x000000fd19800000,0x000000fd19900000)]
  0x0000021e365d3800 JavaThread "Signal Dispatcher" daemon [_thread_blocked, id=10276, stack(0x000000fd19700000,0x000000fd19800000)]
  0x0000021e35e75000 JavaThread "Finalizer" daemon [_thread_blocked, id=15752, stack(0x000000fd19600000,0x000000fd19700000)]
  0x0000021e365b6000 JavaThread "Reference Handler" daemon [_thread_blocked, id=14820, stack(0x000000fd19500000,0x000000fd19600000)]

Other Threads:
  0x0000021e36592000 VMThread [stack: 0x000000fd19400000,0x000000fd19500000] [id=13712]
  0x0000021e3667f800 WatcherThread [stack: 0x000000fd19d00000,0x000000fd19e00000] [id=15576]

VM state:not at safepoint (normal execution)

VM Mutex/Monitor currently owned by a thread: None

heap address: 0x00000000c1c00000, size: 996 MB, Compressed Oops mode: 32-bit
Narrow klass base: 0x0000000000000000, Narrow klass shift: 3
Compressed class space size: 1073741824 Address: 0x0000000100000000

Heap:
 PSYoungGen      total 110592K, used 85656K [0x00000000eb400000, 0x00000000f2c80000, 0x0000000100000000)
  eden space 98816K, 81% used [0x00000000eb400000,0x00000000f0278f20,0x00000000f1480000)
  from space 11776K, 45% used [0x00000000f2080000,0x00000000f25ad1c8,0x00000000f2c00000)
  to   space 12288K, 0% used [0x00000000f1480000,0x00000000f1480000,0x00000000f2080000)
 ParOldGen       total 304640K, used 232913K [0x00000000c1c00000, 0x00000000d4580000, 0x00000000eb400000)
  object space 304640K, 76% used [0x00000000c1c00000,0x00000000cff74478,0x00000000d4580000)
 Metaspace       used 10142K, capacity 10330K, committed 10496K, reserved 1058816K
  class space    used 1164K, capacity 1225K, committed 1280K, reserved 1048576K

Card table byte_map: [0x0000021e330f0000,0x0000021e332f0000] byte_map_base: 0x0000021e32ae2000

Marking Bits: (ParMarkBitMap*) 0x0000000050fe9030
 Begin Bits: [0x0000021e33440000, 0x0000021e343d0000)
 End Bits:   [0x0000021e343d0000, 0x0000021e35360000)

Polling page: 0x0000021e22550000

CodeCache: size=245760Kb used=4485Kb max_used=4485Kb free=241274Kb
 bounds [0x0000021e23d30000, 0x0000021e241a0000, 0x0000021e32d30000]
 total_blobs=1709 nmethods=1263 adapters=358
 compilation: enabled

Compilation events (10 events):
Event: 10.270 Thread 0x0000021e365e3000 nmethod 1263 0x0000021e241904d0 code [0x0000021e24190620, 0x0000021e241907f8]
Event: 10.270 Thread 0x0000021e365e3000 1264   !   3       java.util.concurrent.locks.AbstractQueuedSynchronizer::fullyRelease (54 bytes)
Event: 10.270 Thread 0x0000021e365e3000 nmethod 1264 0x0000021e2418ed50 code [0x0000021e2418ef00, 0x0000021e2418f4f0]
Event: 10.291 Thread 0x0000021e365e3000 1266       3       java.util.concurrent.locks.AbstractQueuedSynchronizer::enq (58 bytes)
Event: 10.292 Thread 0x0000021e365e3000 nmethod 1266 0x0000021e24194310 code [0x0000021e241944a0, 0x0000021e241949d8]
Event: 10.481 Thread 0x0000021e365e3000 1268       3       com.hao.gameObjects.GameWorld::Render (144 bytes)
Event: 10.484 Thread 0x0000021e365e3000 nmethod 1268 0x0000021e24192450 code [0x0000021e24192740, 0x0000021e24193b60]
Event: 10.502 Thread 0x0000021e365e3000 1269       3       javax.swing.SwingUtilities::getPaintingOrigin (33 bytes)
Event: 10.502 Thread 0x0000021e365e3000 nmethod 1269 0x0000021e24194fd0 code [0x0000021e24195160, 0x0000021e241956d0]
Event: 10.577 Thread 0x0000021e365d6000 1270   !   4       sun.awt.AppContext::get (123 bytes)

GC Heap History (10 events):
Event: 7.441 GC heap before
{Heap before GC invocations=18 (full 4):
 PSYoungGen      total 93696K, used 86809K [0x00000000eb400000, 0x00000000f2c00000, 0x0000000100000000)
  eden space 81408K, 100% used [0x00000000eb400000,0x00000000f0380000,0x00000000f0380000)
  from space 12288K, 43% used [0x00000000f0380000,0x00000000f08c6560,0x00000000f0f80000)
  to   space 11776K, 0% used [0x00000000f2080000,0x00000000f2080000,0x00000000f2c00000)
 ParOldGen       total 304640K, used 232881K [0x00000000c1c00000, 0x00000000d4580000, 0x00000000eb400000)
  object space 304640K, 76% used [0x00000000c1c00000,0x00000000cff6c478,0x00000000d4580000)
 Metaspace       used 10041K, capacity 10258K, committed 10496K, reserved 1058816K
  class space    used 1164K, capacity 1225K, committed 1280K, reserved 1048576K
Event: 7.454 GC heap after
Heap after GC invocations=18 (full 4):
 PSYoungGen      total 110592K, used 9083K [0x00000000eb400000, 0x00000000f2c80000, 0x0000000100000000)
  eden space 98816K, 0% used [0x00000000eb400000,0x00000000eb400000,0x00000000f1480000)
  from space 11776K, 77% used [0x00000000f2080000,0x00000000f295ec80,0x00000000f2c00000)
  to   space 12288K, 0% used [0x00000000f1480000,0x00000000f1480000,0x00000000f2080000)
 ParOldGen       total 304640K, used 232881K [0x00000000c1c00000, 0x00000000d4580000, 0x00000000eb400000)
  object space 304640K, 76% used [0x00000000c1c00000,0x00000000cff6c478,0x00000000d4580000)
 Metaspace       used 10041K, capacity 10258K, committed 10496K, reserved 1058816K
  class space    used 1164K, capacity 1225K, committed 1280K, reserved 1048576K
}
Event: 8.124 GC heap before
{Heap before GC invocations=19 (full 4):
 PSYoungGen      total 110592K, used 107899K [0x00000000eb400000, 0x00000000f2c80000, 0x0000000100000000)
  eden space 98816K, 100% used [0x00000000eb400000,0x00000000f1480000,0x00000000f1480000)
  from space 11776K, 77% used [0x00000000f2080000,0x00000000f295ec80,0x00000000f2c00000)
  to   space 12288K, 0% used [0x00000000f1480000,0x00000000f1480000,0x00000000f2080000)
 ParOldGen       total 304640K, used 232881K [0x00000000c1c00000, 0x00000000d4580000, 0x00000000eb400000)
  object space 304640K, 76% used [0x00000000c1c00000,0x00000000cff6c478,0x00000000d4580000)
 Metaspace       used 10071K, capacity 10258K, committed 10496K, reserved 1058816K
  class space    used 1164K, capacity 1225K, committed 1280K, reserved 1048576K
Event: 8.141 GC heap after
Heap after GC invocations=19 (full 4):
 PSYoungGen      total 111104K, used 5720K [0x00000000eb400000, 0x00000000f2c80000, 0x0000000100000000)
  eden space 98816K, 0% used [0x00000000eb400000,0x00000000eb400000,0x00000000f1480000)
  from space 12288K, 46% used [0x00000000f1480000,0x00000000f1a16360,0x00000000f2080000)
  to   space 11776K, 0% used [0x00000000f2080000,0x00000000f2080000,0x00000000f2c00000)
 ParOldGen       total 304640K, used 232889K [0x00000000c1c00000, 0x00000000d4580000, 0x00000000eb400000)
  object space 304640K, 76% used [0x00000000c1c00000,0x00000000cff6e478,0x00000000d4580000)
 Metaspace       used 10071K, capacity 10258K, committed 10496K, reserved 1058816K
  class space    used 1164K, capacity 1225K, committed 1280K, reserved 1048576K
}
Event: 8.804 GC heap before
{Heap before GC invocations=20 (full 4):
 PSYoungGen      total 111104K, used 104536K [0x00000000eb400000, 0x00000000f2c80000, 0x0000000100000000)
  eden space 98816K, 100% used [0x00000000eb400000,0x00000000f1480000,0x00000000f1480000)
  from space 12288K, 46% used [0x00000000f1480000,0x00000000f1a16360,0x00000000f2080000)
  to   space 11776K, 0% used [0x00000000f2080000,0x00000000f2080000,0x00000000f2c00000)
 ParOldGen       total 304640K, used 232889K [0x00000000c1c00000, 0x00000000d4580000, 0x00000000eb400000)
  object space 304640K, 76% used [0x00000000c1c00000,0x00000000cff6e478,0x00000000d4580000)
 Metaspace       used 10100K, capacity 10330K, committed 10496K, reserved 1058816K
  class space    used 1164K, capacity 1225K, committed 1280K, reserved 1048576K
Event: 8.816 GC heap after
Heap after GC invocations=20 (full 4):
 PSYoungGen      total 110592K, used 5378K [0x00000000eb400000, 0x00000000f2c80000, 0x0000000100000000)
  eden space 98816K, 0% used [0x00000000eb400000,0x00000000eb400000,0x00000000f1480000)
  from space 11776K, 45% used [0x00000000f2080000,0x00000000f25c0b60,0x00000000f2c00000)
  to   space 12288K, 0% used [0x00000000f1480000,0x00000000f1480000,0x00000000f2080000)
 ParOldGen       total 304640K, used 232897K [0x00000000c1c00000, 0x00000000d4580000, 0x00000000eb400000)
  object space 304640K, 76% used [0x00000000c1c00000,0x00000000cff70478,0x00000000d4580000)
 Metaspace       used 10100K, capacity 10330K, committed 10496K, reserved 1058816K
  class space    used 1164K, capacity 1225K, committed 1280K, reserved 1048576K
}
Event: 9.441 GC heap before
{Heap before GC invocations=21 (full 4):
 PSYoungGen      total 110592K, used 104194K [0x00000000eb400000, 0x00000000f2c80000, 0x0000000100000000)
  eden space 98816K, 100% used [0x00000000eb400000,0x00000000f1480000,0x00000000f1480000)
  from space 11776K, 45% used [0x00000000f2080000,0x00000000f25c0b60,0x00000000f2c00000)
  to   space 12288K, 0% used [0x00000000f1480000,0x00000000f1480000,0x00000000f2080000)
 ParOldGen       total 304640K, used 232897K [0x00000000c1c00000, 0x00000000d4580000, 0x00000000eb400000)
  object space 304640K, 76% used [0x00000000c1c00000,0x00000000cff70478,0x00000000d4580000)
 Metaspace       used 10138K, capacity 10330K, committed 10496K, reserved 1058816K
  class space    used 1164K, capacity 1225K, committed 1280K, reserved 1048576K
Event: 9.452 GC heap after
Heap after GC invocations=21 (full 4):
 PSYoungGen      total 111104K, used 5332K [0x00000000eb400000, 0x00000000f2c80000, 0x0000000100000000)
  eden space 98816K, 0% used [0x00000000eb400000,0x00000000eb400000,0x00000000f1480000)
  from space 12288K, 43% used [0x00000000f1480000,0x00000000f19b51c8,0x00000000f2080000)
  to   space 11776K, 0% used [0x00000000f2080000,0x00000000f2080000,0x00000000f2c00000)
 ParOldGen       total 304640K, used 232905K [0x00000000c1c00000, 0x00000000d4580000, 0x00000000eb400000)
  object space 304640K, 76% used [0x00000000c1c00000,0x00000000cff72478,0x00000000d4580000)
 Metaspace       used 10138K, capacity 10330K, committed 10496K, reserved 1058816K
  class space    used 1164K, capacity 1225K, committed 1280K, reserved 1048576K
}
Event: 10.078 GC heap before
{Heap before GC invocations=22 (full 4):
 PSYoungGen      total 111104K, used 104148K [0x00000000eb400000, 0x00000000f2c80000, 0x0000000100000000)
  eden space 98816K, 100% used [0x00000000eb400000,0x00000000f1480000,0x00000000f1480000)
  from space 12288K, 43% used [0x00000000f1480000,0x00000000f19b51c8,0x00000000f2080000)
  to   space 11776K, 0% used [0x00000000f2080000,0x00000000f2080000,0x00000000f2c00000)
 ParOldGen       total 304640K, used 232905K [0x00000000c1c00000, 0x00000000d4580000, 0x00000000eb400000)
  object space 304640K, 76% used [0x00000000c1c00000,0x00000000cff72478,0x00000000d4580000)
 Metaspace       used 10139K, capacity 10330K, committed 10496K, reserved 1058816K
  class space    used 1164K, capacity 1225K, committed 1280K, reserved 1048576K
Event: 10.089 GC heap after
Heap after GC invocations=22 (full 4):
 PSYoungGen      total 110592K, used 5300K [0x00000000eb400000, 0x00000000f2c80000, 0x0000000100000000)
  eden space 98816K, 0% used [0x00000000eb400000,0x00000000eb400000,0x00000000f1480000)
  from space 11776K, 45% used [0x00000000f2080000,0x00000000f25ad1c8,0x00000000f2c00000)
  to   space 12288K, 0% used [0x00000000f1480000,0x00000000f1480000,0x00000000f2080000)
 ParOldGen       total 304640K, used 232913K [0x00000000c1c00000, 0x00000000d4580000, 0x00000000eb400000)
  object space 304640K, 76% used [0x00000000c1c00000,0x00000000cff74478,0x00000000d4580000)
 Metaspace       used 10139K, capacity 10330K, committed 10496K, reserved 1058816K
  class space    used 1164K, capacity 1225K, committed 1280K, reserved 1048576K
}

Deoptimization events (10 events):
Event: 2.132 Thread 0x0000021e22434000 Uncommon trap: reason=class_check action=maybe_recompile pc=0x0000021e23f16494 method=java.io.BufferedInputStream.read([BII)I @ 101
Event: 2.181 Thread 0x0000021e22434000 Uncommon trap: reason=class_check action=maybe_recompile pc=0x0000021e23f16494 method=java.io.BufferedInputStream.read([BII)I @ 101
Event: 2.181 Thread 0x0000021e22434000 Uncommon trap: reason=unstable_if action=reinterpret pc=0x0000021e23f16668 method=java.io.BufferedInputStream.read([BII)I @ 56
Event: 2.396 Thread 0x0000021e22434000 Uncommon trap: reason=unstable_if action=reinterpret pc=0x0000021e23fba86c method=java.nio.FloatBuffer.get([FII)Ljava/nio/FloatBuffer; @ 35
Event: 2.415 Thread 0x0000021e22434000 Uncommon trap: reason=unstable_if action=reinterpret pc=0x0000021e23fb7450 method=com.sun.media.sound.AudioFloatConverter$AudioFloatConversion16SL.toByteArray([FII[BI)[B @ 16
Event: 2.683 Thread 0x0000021e22434000 Uncommon trap: reason=unstable_if action=reinterpret pc=0x0000021e2400e814 method=sun.java2d.loops.GraphicsPrimitiveMgr.locate(Lsun/java2d/loops/GraphicsPrimitiveMgr$PrimitiveSpec;)Lsun/java2d/loops/GraphicsPrimitive; @ 3
Event: 3.631 Thread 0x0000021e37c8c800 Uncommon trap: reason=null_check action=make_not_entrant pc=0x0000021e24068a48 method=sun.java2d.loops.MaskBlit$General.MaskBlit(Lsun/java2d/SurfaceData;Lsun/java2d/SurfaceData;Ljava/awt/Composite;Lsun/java2d/pipe/Region;IIIIII[BII)V @ 38
Event: 3.632 Thread 0x0000021e37c8c800 Uncommon trap: reason=null_check action=make_not_entrant pc=0x0000021e24084a4c method=sun.java2d.loops.MaskBlit$General.MaskBlit(Lsun/java2d/SurfaceData;Lsun/java2d/SurfaceData;Ljava/awt/Composite;Lsun/java2d/pipe/Region;IIIIII[BII)V @ 38
Event: 3.738 Thread 0x0000021e37c8c800 Uncommon trap: reason=unstable_if action=reinterpret pc=0x0000021e240b4e04 method=com.hao.gameObjects.BackgroundMap.draw(Ljava/awt/Graphics2D;)V @ 99
Event: 7.129 Thread 0x0000021e37c8c800 Uncommon trap: reason=unstable_if action=reinterpret pc=0x0000021e24128244 method=com.hao.gameObjects.ParticularObject.isObjectOutOfCameraView()Z @ 47

Classes redefined (0 events):
No events

Internal exceptions (10 events):
Event: 0.167 Thread 0x0000021e22434000 Exception <a 'java/security/PrivilegedActionException'> (0x00000000eb4880c8) thrown at [C:\jenkins\workspace\8-2-build-windows-amd64-cygwin\jdk8u321\2141\hotspot\src\share\vm\prims\jvm.cpp, line 1523]
Event: 0.167 Thread 0x0000021e22434000 Exception <a 'java/security/PrivilegedActionException'> (0x00000000eb4882d8) thrown at [C:\jenkins\workspace\8-2-build-windows-amd64-cygwin\jdk8u321\2141\hotspot\src\share\vm\prims\jvm.cpp, line 1523]
Event: 0.180 Thread 0x0000021e22434000 Exception <a 'java/io/FileNotFoundException'> (0x00000000eb48a5d0) thrown at [C:\jenkins\workspace\8-2-build-windows-amd64-cygwin\jdk8u321\2141\hotspot\src\share\vm\prims\jni.cpp, line 710]
Event: 0.242 Thread 0x0000021e22434000 Exception <a 'java/lang/NoSuchFieldError': method resolution failed> (0x00000000eb5ae118) thrown at [C:\jenkins\workspace\8-2-build-windows-amd64-cygwin\jdk8u321\2141\hotspot\src\share\vm\prims\methodHandles.cpp, line 1169]
Event: 0.245 Thread 0x0000021e22434000 Exception <a 'java/lang/NoSuchFieldError': method resolution failed> (0x00000000eb5bb4e8) thrown at [C:\jenkins\workspace\8-2-build-windows-amd64-cygwin\jdk8u321\2141\hotspot\src\share\vm\prims\methodHandles.cpp, line 1169]
Event: 0.308 Thread 0x0000021e22434000 Exception <a 'java/io/FileNotFoundException'> (0x00000000eb656a98) thrown at [C:\jenkins\workspace\8-2-build-windows-amd64-cygwin\jdk8u321\2141\hotspot\src\share\vm\prims\jni.cpp, line 710]
Event: 0.358 Thread 0x0000021e22434000 Implicit null exception at 0x0000021e23ea3e1b to 0x0000021e23ea3fd5
Event: 2.433 Thread 0x0000021e22434000 Exception <a 'java/io/FileNotFoundException'> (0x00000000ebb2bc88) thrown at [C:\jenkins\workspace\8-2-build-windows-amd64-cygwin\jdk8u321\2141\hotspot\src\share\vm\prims\jni.cpp, line 710]
Event: 3.631 Thread 0x0000021e37c8c800 Implicit null exception at 0x0000021e2406535f to 0x0000021e240689d5
Event: 3.632 Thread 0x0000021e37c8c800 Implicit null exception at 0x0000021e24080695 to 0x0000021e240849b1

Events (10 events):
Event: 8.141 Thread 0x0000021e365b6000 DEOPT UNPACKING pc=0x0000021e23d77918 sp=0x000000fd195ff020 mode 0
Event: 8.142 Thread 0x0000021e37499800 DEOPT PACKING pc=0x0000021e24120d69 sp=0x000000fd19eff5a0
Event: 8.142 Thread 0x0000021e37499800 DEOPT UNPACKING pc=0x0000021e23d77918 sp=0x000000fd19eff300 mode 0
Event: 8.804 Executing VM operation: ParallelGCFailedAllocation
Event: 8.816 Executing VM operation: ParallelGCFailedAllocation done
Event: 9.167 Thread 0x0000021e383da800 Thread exited: 0x0000021e383da800
Event: 9.440 Executing VM operation: ParallelGCFailedAllocation
Event: 9.452 Executing VM operation: ParallelGCFailedAllocation done
Event: 10.077 Executing VM operation: ParallelGCFailedAllocation
Event: 10.089 Executing VM operation: ParallelGCFailedAllocation done


Dynamic libraries:
0x00007ff6eb0f0000 - 0x00007ff6eb137000 	C:\Program Files\Java\jdk1.8.0_321\bin\java.exe
0x00007ffaab5f0000 - 0x00007ffaab7d1000 	C:\Windows\SYSTEM32\ntdll.dll
0x00007ffaa8dd0000 - 0x00007ffaa8e82000 	C:\Windows\System32\KERNEL32.DLL
0x00007ffaa7d80000 - 0x00007ffaa7ff3000 	C:\Windows\System32\KERNELBASE.dll
0x00007ffaa8a70000 - 0x00007ffaa8b11000 	C:\Windows\System32\ADVAPI32.dll
0x00007ffaa9040000 - 0x00007ffaa90de000 	C:\Windows\System32\msvcrt.dll
0x00007ffaa8b20000 - 0x00007ffaa8b7b000 	C:\Windows\System32\sechost.dll
0x00007ffaa8e90000 - 0x00007ffaa8fb4000 	C:\Windows\System32\RPCRT4.dll
0x00007ffaa9ed0000 - 0x00007ffaaa060000 	C:\Windows\System32\USER32.dll
0x00007ffaa8000000 - 0x00007ffaa8020000 	C:\Windows\System32\win32u.dll
0x00007ffaa91a0000 - 0x00007ffaa91c8000 	C:\Windows\System32\GDI32.dll
0x00007ffaa7b80000 - 0x00007ffaa7d12000 	C:\Windows\System32\gdi32full.dll
0x00007ffaa8020000 - 0x00007ffaa80bf000 	C:\Windows\System32\msvcp_win.dll
0x00007ffaa81c0000 - 0x00007ffaa82ba000 	C:\Windows\System32\ucrtbase.dll
0x00007ffa9d990000 - 0x00007ffa9dbf9000 	C:\Windows\WinSxS\amd64_microsoft.windows.common-controls_6595b64144ccf1df_6.0.17134.1_none_e4da93291059d8fb\COMCTL32.dll
0x00007ffaa97c0000 - 0x00007ffaa9ae3000 	C:\Windows\System32\combase.dll
0x00007ffaa82c0000 - 0x00007ffaa833a000 	C:\Windows\System32\bcryptPrimitives.dll
0x00007ffaa9af0000 - 0x00007ffaa9b1d000 	C:\Windows\System32\IMM32.DLL
0x00007ffa84730000 - 0x00007ffa84745000 	C:\Program Files\Java\jdk1.8.0_321\jre\bin\vcruntime140.dll
0x00007ffa7b980000 - 0x00007ffa7ba1b000 	C:\Program Files\Java\jdk1.8.0_321\jre\bin\msvcp140.dll
0x0000000050800000 - 0x0000000051061000 	C:\Program Files\Java\jdk1.8.0_321\jre\bin\server\jvm.dll
0x00007ffaaa060000 - 0x00007ffaaa068000 	C:\Windows\System32\PSAPI.DLL
0x00007ffa9a060000 - 0x00007ffa9a069000 	C:\Windows\SYSTEM32\WSOCK32.dll
0x00007ffaa5880000 - 0x00007ffaa58a3000 	C:\Windows\SYSTEM32\WINMM.dll
0x00007ffaa16a0000 - 0x00007ffaa16aa000 	C:\Windows\SYSTEM32\VERSION.dll
0x00007ffaaa080000 - 0x00007ffaaa0ec000 	C:\Windows\System32\WS2_32.dll
0x00007ffaa57c0000 - 0x00007ffaa57ea000 	C:\Windows\SYSTEM32\winmmbase.dll
0x00007ffaa8170000 - 0x00007ffaa81b9000 	C:\Windows\System32\cfgmgr32.dll
0x00007ffaa7950000 - 0x00007ffaa7961000 	C:\Windows\System32\kernel.appcore.dll
0x00007ffaa5900000 - 0x00007ffaa5910000 	C:\Program Files\Java\jdk1.8.0_321\jre\bin\verify.dll
0x00007ffa7cbc0000 - 0x00007ffa7cbeb000 	C:\Program Files\Java\jdk1.8.0_321\jre\bin\java.dll
0x00007ffa84540000 - 0x00007ffa84558000 	C:\Program Files\Java\jdk1.8.0_321\jre\bin\zip.dll
0x00007ffaaa0f0000 - 0x00007ffaab530000 	C:\Windows\System32\SHELL32.dll
0x00007ffaa9b20000 - 0x00007ffaa9bc9000 	C:\Windows\System32\shcore.dll
0x00007ffaa8340000 - 0x00007ffaa8a4d000 	C:\Windows\System32\windows.storage.dll
0x00007ffaab530000 - 0x00007ffaab581000 	C:\Windows\System32\shlwapi.dll
0x00007ffaa7970000 - 0x00007ffaa798f000 	C:\Windows\System32\profapi.dll
0x00007ffaa7900000 - 0x00007ffaa794c000 	C:\Windows\System32\powrprof.dll
0x00007ffaa78f0000 - 0x00007ffaa78fa000 	C:\Windows\System32\FLTLIB.DLL
0x00007ffa5a3a0000 - 0x00007ffa5a535000 	C:\Program Files\Java\jdk1.8.0_321\jre\bin\awt.dll
0x00007ffaa8b80000 - 0x00007ffaa8c42000 	C:\Windows\System32\OLEAUT32.dll
0x00007ffaa57f0000 - 0x00007ffaa587b000 	C:\Windows\SYSTEM32\apphelp.dll
0x00007ffaa5cf0000 - 0x00007ffaa5d19000 	C:\Windows\system32\DWMAPI.DLL
0x00007ffaa5a50000 - 0x00007ffaa5ae8000 	C:\Windows\system32\uxtheme.dll
0x00007ffa9a0c0000 - 0x00007ffa9a1e0000 	C:\Windows\system32\opengl32.dll
0x00007ffa9f200000 - 0x00007ffa9f22c000 	C:\Windows\SYSTEM32\GLU32.dll
0x00007ffaa8c50000 - 0x00007ffaa8dc5000 	C:\Windows\System32\MSCTF.dll
0x00007ffaa9bd0000 - 0x00007ffaa9d21000 	C:\Windows\System32\ole32.dll
0x00007ffa9ac40000 - 0x00007ffa9ac4d000 	C:\Program Files\Java\jdk1.8.0_321\jre\bin\jsound.dll
0x00007ffa9a470000 - 0x00007ffa9a47d000 	C:\Program Files\Java\jdk1.8.0_321\jre\bin\jsoundds.dll
0x00007ffa70ad0000 - 0x00007ffa70b5f000 	C:\Windows\SYSTEM32\DSOUND.dll
0x00007ffa9f790000 - 0x00007ffa9f806000 	C:\Windows\SYSTEM32\MMDevAPI.DLL
0x00007ffaa7680000 - 0x00007ffaa76a7000 	C:\Windows\SYSTEM32\DEVOBJ.dll
0x00007ffaa4000000 - 0x00007ffaa41b4000 	C:\Windows\SYSTEM32\PROPSYS.dll
0x00007ffa70a10000 - 0x00007ffa70a54000 	C:\Windows\SYSTEM32\wdmaud.drv
0x00007ffaa35a0000 - 0x00007ffaa35aa000 	C:\Windows\SYSTEM32\AVRT.dll
0x00007ffaa36f0000 - 0x00007ffaa36f9000 	C:\Windows\SYSTEM32\ksuser.dll
0x00007ffa7c400000 - 0x00007ffa7c52c000 	C:\Windows\SYSTEM32\AUDIOSES.DLL
0x00007ffaa3430000 - 0x00007ffaa357d000 	C:\Windows\SYSTEM32\wintypes.dll
0x00007ffa9abf0000 - 0x00007ffa9abfd000 	C:\Windows\SYSTEM32\msacm32.drv
0x00007ffa788d0000 - 0x00007ffa788ec000 	C:\Windows\SYSTEM32\MSACM32.dll
0x00007ffa9a9b0000 - 0x00007ffa9a9ba000 	C:\Windows\SYSTEM32\midimap.dll
0x00007ffaa9d40000 - 0x00007ffaa9de0000 	C:\Windows\System32\clbcatq.dll
0x00007ffa57570000 - 0x00007ffa5761c000 	C:\Program Files\Java\jdk1.8.0_321\jre\bin\mlib_image.dll
0x00007ffa79f60000 - 0x00007ffa79fa9000 	C:\Program Files\Java\jdk1.8.0_321\jre\bin\fontmanager.dll
0x00007ffa9a350000 - 0x00007ffa9a3e8000 	C:\Windows\System32\TextInputFramework.dll
0x00007ffaa2770000 - 0x00007ffaa2a8e000 	C:\Windows\System32\CoreUIComponents.dll
0x00007ffaa5460000 - 0x00007ffaa553a000 	C:\Windows\System32\CoreMessaging.dll
0x00007ffaa69c0000 - 0x00007ffaa69f1000 	C:\Windows\SYSTEM32\ntmarta.dll
0x00007ffaa6340000 - 0x00007ffaa6509000 	C:\Windows\SYSTEM32\dbghelp.dll

VM Arguments:
jvm_args: -Dfile.encoding=UTF-8 
java_command: com.hao.userinterface.GameFrame
java_class_path (initial): C:\Users\David Tran\Documents\Zoom\Megaman_copy\build\classes
Launcher Type: SUN_STANDARD

Environment Variables:
PATH=C:\Program Files (x86)\VMware\VMware Player\bin\;C:\Program Files (x86)\Common Files\Oracle\Java\javapath;C:\Windows\system32;C:\Windows;C:\Windows\System32\Wbem;C:\Windows\System32\WindowsPowerShell\v1.0\;C:\Windows\System32\OpenSSH\;C:\Program Files\Microsoft SQL Server\130\Tools\Binn\;C:\Program Files\Git\cmd;C:\Program Files\Microsoft SQL Server\Client SDK\ODBC\170\Tools\Binn\;C:\Program Files (x86)\Microsoft SQL Server\150\Tools\Binn\;C:\Program Files\Microsoft SQL Server\150\Tools\Binn\;C:\Program Files\Microsoft SQL Server\150\DTS\Binn\;C:\Program Files (x86)\Microsoft SQL Server\150\DTS\Binn\;C:\Program Files\Azure Data Studio\bin;C:\Users\David Tran\AppData\Local\Programs\Python\Python310\Scripts\;C:\Users\David Tran\AppData\Local\Programs\Python\Python310\;C:\Users\David Tran\AppData\Local\Microsoft\WindowsApps;C:\Program Files\JetBrains\PyCharm Community Edition 2020.3.3\bin;;C:\Users\David Tran\AppData\Local\Programs\Microsoft VS Code\bin;C:\Users\David Tran\AppData\Local\GitHubDesktop\bin;C:\Program Files\Azure Data Studio\bin
USERNAME=David Tran
OS=Windows_NT
PROCESSOR_IDENTIFIER=Intel64 Family 6 Model 58 Stepping 9, GenuineIntel



---------------  S Y S T E M  ---------------

OS: Windows 10 , 64 bit Build 17134 (10.0.17134.1)

CPU:total 4 (initial active 4) (2 cores per cpu, 2 threads per core) family 6 model 58 stepping 9, cmov, cx8, fxsr, mmx, sse, sse2, sse3, ssse3, sse4.1, sse4.2, popcnt, avx, aes, clmul, erms, ht, tsc, tscinvbit, tscinv

Memory: 4k page, physical 4077064k(151480k free), swap 8271368k(840k free)

vm_info: Java HotSpot(TM) 64-Bit Server VM (25.321-b07) for windows-amd64 JRE (1.8.0_321-b07), built on Dec 15 2021 11:19:20 by "java_re" with MS VC++ 15.9 (VS2017)

time: Mon Nov 14 23:20:47 2022
timezone: SE Asia Standard Time
elapsed time: 10.650111 seconds (0d 0h 0m 10s)

